#
# There is insufficient memory for the Java Runtime Environment to continue.
# Native memory allocation (mmap) failed to map 620756992 bytes for G1 virtual space
# Possible reasons:
#   The system is out of physical RAM or swap space
#   The process is running with CompressedOops enabled, and the Java Heap may be blocking the growth of the native heap
# Possible solutions:
#   Reduce memory load on the system
#   Increase physical memory or swap space
#   Check if swap backing store is full
#   Decrease Java heap size (-Xmx/-Xms)
#   Decrease number of Java threads
#   Decrease Java thread stack sizes (-Xss)
#   Set larger code cache with -XX:ReservedCodeCacheSize=
#   JVM is running with Zero Based Compressed Oops mode in which the Java heap is
#     placed in the first 32GB address space. The Java Heap base address is the
#     maximum limit for the native heap growth. Please use -XX:HeapBaseMinAddress
#     to set the Java Heap base and to place the Java Heap above 32GB virtual address.
# This output file may be truncated or incomplete.
#
#  Out of Memory Error (os_windows.cpp:3548), pid=40280, tid=19664
#
# JRE version:  (17.0.10+11) (build )
# Java VM: Java HotSpot(TM) 64-Bit Server VM (17.0.10+11-LTS-240, mixed mode, sharing, tiered, compressed oops, compressed class ptrs, g1 gc, windows-amd64)
# Core dump will be written. Default location: C:\Users\bogdas1\IdeaProjects\CatRetail\MasterFramework\hs_err_pid40280.mdmp
#

---------------  S U M M A R Y ------------

Command Line: -ea -Didea.test.cyclic.buffer.size=1048576 -javaagent:C:\Program Files\JetBrains\IntelliJ IDEA Community Edition 2023.3.6\lib\idea_rt.jar=65137:C:\Program Files\JetBrains\IntelliJ IDEA Community Edition 2023.3.6\bin -Dfile.encoding=UTF-8 com.intellij.rt.testng.RemoteTestNGStarter -usedefaultlisteners false -socket65136 @w@C:\Users\bogdas1\AppData\Local\Temp\6\idea_working_dirs_testng.tmp -temp C:\Users\bogdas1\AppData\Local\Temp\6\idea_testng.tmp

Host: Intel(R) Xeon(R) Gold 6126 CPU @ 2.60GHz, 4 cores, 36G,  Windows Server 2019 , 64 bit Build 17763 (10.0.17763.4974)
Time: Thu Apr 11 16:35:17 2024 Central Daylight Time elapsed time: 0.036271 seconds (0d 0h 0m 0s)

---------------  T H R E A D  ---------------

Current thread (0x0000018759f4dfa0):  JavaThread "Unknown thread" [_thread_in_vm, id=19664, stack(0x00000074bc100000,0x00000074bc200000)]

Stack: [0x00000074bc100000,0x00000074bc200000]
Native frames: (J=compiled Java code, j=interpreted, Vv=VM code, C=native code)
V  [jvm.dll+0x677a5a]
V  [jvm.dll+0x7d8b2d]
V  [jvm.dll+0x7da48e]
V  [jvm.dll+0x7daaf3]
V  [jvm.dll+0x2455ff]
V  [jvm.dll+0x6749b9]
V  [jvm.dll+0x669382]
V  [jvm.dll+0x302e96]
V  [jvm.dll+0x30a416]
V  [jvm.dll+0x359cbe]
V  [jvm.dll+0x359eef]
V  [jvm.dll+0x2d9e88]
V  [jvm.dll+0x2dadf4]
V  [jvm.dll+0x7aa551]
V  [jvm.dll+0x367911]
V  [jvm.dll+0x789639]
V  [jvm.dll+0x3eb30f]
V  [jvm.dll+0x3ecd91]
C  [jli.dll+0x5297]
C  [ucrtbase.dll+0x2268a]
C  [KERNEL32.DLL+0x17ac4]
C  [ntdll.dll+0x5a4e1]


---------------  P R O C E S S  ---------------

Threads class SMR info:
_java_thread_list=0x00007fff86a06a18, length=0, elements={
}

Java Threads: ( => current thread )

Other Threads:
  0x0000018759fe5040 GCTaskThread "GC Thread#0" [stack: 0x00000074bc200000,0x00000074bc300000] [id=27036]
  0x0000018759ff13b0 ConcurrentGCThread "G1 Main Marker" [stack: 0x00000074bc300000,0x00000074bc400000] [id=19112]
  0x0000018759ff1dc0 ConcurrentGCThread "G1 Conc#0" [stack: 0x00000074bc400000,0x00000074bc500000] [id=33716]

[error occurred during error reporting (printing all threads), id 0xc0000005, EXCEPTION_ACCESS_VIOLATION (0xc0000005) at pc=0x00007fff8623aae7]

VM state: not at safepoint (not fully initialized)

VM Mutex/Monitor currently owned by a thread:  ([mutex/lock_event])
[0x0000018759f49d00] Heap_lock - owner thread: 0x0000018759f4dfa0

Heap address: 0x00000005b0000000, size: 9472 MB, Compressed Oops mode: Zero based, Oop shift amount: 3

CDS archive(s) mapped at: [0x0000000000000000-0x0000000000000000-0x0000000000000000), size 0, SharedBaseAddress: 0x0000000800000000, ArchiveRelocationMode: 1.
Narrow klass base: 0x0000000000000000, Narrow klass shift: 0, Narrow klass range: 0x0

GC Precious Log:
<Empty>

Heap:
 garbage-first heap   total 0K, used 0K [0x00000005b0000000, 0x0000000800000000)
  region size 8192K, 0 young (0K), 0 survivors (0K)

[error occurred during error reporting (printing heap information), id 0xc0000005, EXCEPTION_ACCESS_VIOLATION (0xc0000005) at pc=0x00007fff86621249]

GC Heap History (0 events):
No events

Deoptimization events (0 events):
No events

Classes unloaded (0 events):
No events

Classes redefined (0 events):
No events

Internal exceptions (0 events):
No events

VM Operations (0 events):
No events

Events (1 events):
Event: 0.022 Loaded shared library C:\Program Files\Java\jdk-17\bin\java.dll


Dynamic libraries:
0x00007ff7b09b0000 - 0x00007ff7b09c0000 	C:\Program Files\Java\jdk-17\bin\java.exe
0x00007fffcc1a0000 - 0x00007fffcc38e000 	C:\windows\SYSTEM32\ntdll.dll
0x00007fffcb350000 - 0x00007fffcb403000 	C:\windows\System32\KERNEL32.DLL
0x00007fffc82d0000 - 0x00007fffc856d000 	C:\windows\System32\KERNELBASE.dll
0x00007fffc8f30000 - 0x00007fffc902a000 	C:\windows\System32\ucrtbase.dll
0x00007fff9bf60000 - 0x00007fff9bf79000 	C:\Program Files\Java\jdk-17\bin\jli.dll
0x00007fff9bf80000 - 0x00007fff9bf9b000 	C:\Program Files\Java\jdk-17\bin\VCRUNTIME140.dll
0x00007fffcb1f0000 - 0x00007fffcb298000 	C:\windows\System32\ADVAPI32.dll
0x00007fffcb150000 - 0x00007fffcb1ee000 	C:\windows\System32\msvcrt.dll
0x00007fffcbc40000 - 0x00007fffcbce2000 	C:\windows\System32\sechost.dll
0x00007fffcc030000 - 0x00007fffcc14d000 	C:\windows\System32\RPCRT4.dll
0x00007fffc9030000 - 0x00007fffc9056000 	C:\windows\System32\bcrypt.dll
0x00007fffca980000 - 0x00007fffcab17000 	C:\windows\System32\USER32.dll
0x00007fffbd7e0000 - 0x00007fffbda59000 	C:\windows\WinSxS\amd64_microsoft.windows.common-controls_6595b64144ccf1df_6.0.17763.5576_none_de7462b453487ecb\COMCTL32.dll
0x00007fffcac10000 - 0x00007fffcaf3b000 	C:\windows\System32\combase.dll
0x00007fffc8570000 - 0x00007fffc8590000 	C:\windows\System32\win32u.dll
0x00007fffcaff0000 - 0x00007fffcb019000 	C:\windows\System32\GDI32.dll
0x00007fffc9330000 - 0x00007fffc93b2000 	C:\windows\System32\bcryptPrimitives.dll
0x00007fffc8ce0000 - 0x00007fffc8e8a000 	C:\windows\System32\gdi32full.dll
0x00007fffc8e90000 - 0x00007fffc8f30000 	C:\windows\System32\msvcp_win.dll
0x00007fffc2070000 - 0x00007fffc207a000 	C:\windows\SYSTEM32\VERSION.dll
0x00007fffcaf50000 - 0x00007fffcaf7e000 	C:\windows\System32\IMM32.DLL
0x0000018757fc0000 - 0x0000018757fd4000 	C:\windows\System32\umppc17807.dll
0x00007fffa5210000 - 0x00007fffa521c000 	C:\Program Files\Java\jdk-17\bin\vcruntime140_1.dll
0x00007fff96610000 - 0x00007fff9669e000 	C:\Program Files\Java\jdk-17\bin\msvcp140.dll
0x00007fff85f50000 - 0x00007fff86b2f000 	C:\Program Files\Java\jdk-17\bin\server\jvm.dll
0x00007fffcab20000 - 0x00007fffcab28000 	C:\windows\System32\PSAPI.DLL
0x00007fffbe090000 - 0x00007fffbe099000 	C:\windows\SYSTEM32\WSOCK32.dll
0x00007fffcaf80000 - 0x00007fffcafed000 	C:\windows\System32\WS2_32.dll
0x00007fffc0510000 - 0x00007fffc0534000 	C:\windows\SYSTEM32\WINMM.dll
0x00007fffc04e0000 - 0x00007fffc050d000 	C:\windows\SYSTEM32\WINMMBASE.dll
0x00007fffc8280000 - 0x00007fffc82ca000 	C:\windows\System32\cfgmgr32.dll
0x00007fffc81b0000 - 0x00007fffc81c1000 	C:\windows\System32\kernel.appcore.dll
0x00007fffa5030000 - 0x00007fffa503a000 	C:\Program Files\Java\jdk-17\bin\jimage.dll
0x00007fffc0120000 - 0x00007fffc030d000 	C:\windows\SYSTEM32\DBGHELP.DLL
0x00007fffc00a0000 - 0x00007fffc00ca000 	C:\windows\SYSTEM32\dbgcore.DLL
0x00007fffb8980000 - 0x00007fffb898e000 	C:\Program Files\Java\jdk-17\bin\instrument.dll
0x00007fff9bab0000 - 0x00007fff9bad5000 	C:\Program Files\Java\jdk-17\bin\java.dll

dbghelp: loaded successfully - version: 4.0.5 - missing functions: none
symbol engine: initialized successfully - sym options: 0x614 - pdb path: .;C:\Program Files\Java\jdk-17\bin;C:\windows\SYSTEM32;C:\windows\WinSxS\amd64_microsoft.windows.common-controls_6595b64144ccf1df_6.0.17763.5576_none_de7462b453487ecb;C:\Program Files\Java\jdk-17\bin\server

VM Arguments:
jvm_args: -ea -Didea.test.cyclic.buffer.size=1048576 -javaagent:C:\Program Files\JetBrains\IntelliJ IDEA Community Edition 2023.3.6\lib\idea_rt.jar=65137:C:\Program Files\JetBrains\IntelliJ IDEA Community Edition 2023.3.6\bin -Dfile.encoding=UTF-8 
java_command: com.intellij.rt.testng.RemoteTestNGStarter -usedefaultlisteners false -socket65136 @w@C:\Users\bogdas1\AppData\Local\Temp\6\idea_working_dirs_testng.tmp -temp C:\Users\bogdas1\AppData\Local\Temp\6\idea_testng.tmp
java_class_path (initial): C:\Program Files\JetBrains\IntelliJ IDEA Community Edition 2023.3.6\lib\idea_rt.jar;C:\Program Files\JetBrains\IntelliJ IDEA Community Edition 2023.3.6\plugins\testng\lib\testng-rt.jar;C:\Users\bogdas1\IdeaProjects\CatRetail\MasterFramework\target\test-classes;C:\Users\bogdas1\IdeaProjects\CatRetail\MasterFramework\target\classes;C:\Users\bogdas1\.m2\repository\com\machinezoo\noexception\noexception\1.9.1\noexception-1.9.1.jar;C:\Users\bogdas1\.m2\repository\com\machinezoo\stagean\stagean\1.3.0\stagean-1.3.0.jar;C:\Users\bogdas1\.m2\repository\com\machinezoo\closeablescope\closeablescope\1.0.1\closeablescope-1.0.1.jar;C:\Users\bogdas1\.m2\repository\org\slf4j\slf4j-api\2.0.9\slf4j-api-2.0.9.jar;C:\Users\bogdas1\.m2\repository\org\aeonbits\owner\owner\1.0.12\owner-1.0.12.jar;C:\Users\bogdas1\.m2\repository\org\awaitility\awaitility\4.2.1\awaitility-4.2.1.jar;C:\Users\bogdas1\.m2\repository\org\hamcrest\hamcrest\2.1\hamcrest-2.1.jar;C:\Users\bogdas1\.m2\repository\io\appium\java-client\9.2.0\java-client-9.2.0.jar;C:\Users\bogdas1\.m2\repository\org\seleniumhq\selenium\selenium-api\4.19.1\selenium-api-4.19.1.jar;C:\Users\bogdas1\.m2\repository\org\seleniumhq\selenium\selenium-remote-driver\4.19.1\selenium-remote-driver-4.19.1.jar;C:\Users\bogdas1\.m2\repository\com\google\auto\service\auto-service-annotations\1.1.1\auto-service-annotations-1.1.1.jar;C:\Users\bogdas1\.m2\repository\com\google\guava\guava\33.1.0-jre\guava-33.1.0-jre.jar;C:\Users\bogdas1\.m2\repository\com\google\guava\failureaccess\1.0.2\failureaccess-1.0.2.jar;C:\Users\bogdas1\.m2\repository\com\google\guava\listenablefuture\9999.0-empty-to-avoid-conflict-with-guava\listenablefuture-9999.0-empty-to-avoid-conflict-with-guava.jar;C:\Users\bogdas1\.m2\repository\com\google\code\findbugs\jsr305\3.0.2\jsr305-3.0.2.jar;C:\Users\bogdas1\.m2\repository\org\checkerframework\checker-qual\3.42.0\checker-qual-3.42.0.jar;C:\Users\bogdas1\.m2\repository\com\google\errorprone\error_prone_a
Launcher Type: SUN_STANDARD

[Global flags]
     intx CICompilerCount                          = 3                                         {product} {ergonomic}
     uint ConcGCThreads                            = 1                                         {product} {ergonomic}
     uint G1ConcRefinementThreads                  = 4                                         {product} {ergonomic}
   size_t G1HeapRegionSize                         = 8388608                                   {product} {ergonomic}
    uintx GCDrainStackTargetSize                   = 64                                        {product} {ergonomic}
   size_t InitialHeapSize                          = 620756992                                 {product} {ergonomic}
   size_t MarkStackSize                            = 4194304                                   {product} {ergonomic}
   size_t MaxHeapSize                              = 9932111872                                {product} {ergonomic}
   size_t MinHeapDeltaBytes                        = 8388608                                   {product} {ergonomic}
   size_t MinHeapSize                              = 8388608                                   {product} {ergonomic}
    uintx NonNMethodCodeHeapSize                   = 5832780                                {pd product} {ergonomic}
    uintx NonProfiledCodeHeapSize                  = 122912730                              {pd product} {ergonomic}
    uintx ProfiledCodeHeapSize                     = 122912730                              {pd product} {ergonomic}
    uintx ReservedCodeCacheSize                    = 251658240                              {pd product} {ergonomic}
     bool SegmentedCodeCache                       = true                                      {product} {ergonomic}
   size_t SoftMaxHeapSize                          = 9932111872                             {manageable} {ergonomic}
     bool UseCompressedClassPointers               = true                           {product lp64_product} {ergonomic}
     bool UseCompressedOops                        = true                           {product lp64_product} {ergonomic}
     bool UseG1GC                                  = true                                      {product} {ergonomic}
     bool UseLargePagesIndividualAllocation        = false                                  {pd product} {ergonomic}

Logging:
Log output configuration:
 #0: stdout all=warning uptime,level,tags
 #1: stderr all=off uptime,level,tags

Environment Variables:
JAVA_HOME=C:\Program Files\Java\jdk-17
PATH=C:\Program Files\Common Files\Oracle\Java\javapath;C:\windows\system32;C:\windows;C:\windows\System32\Wbem;C:\windows\System32\WindowsPowerShell\v1.0\;C:\windows\System32\OpenSSH\;C:\Program Files\Maven\apache-maven-3.9.6\bin;C:\Program Files\Git\cmd;C:\Users\bogdas1\AppData\Local\Microsoft\WindowsApps;C:\Users\bogdas1\AppData\Local\GitHubDesktop\bin
USERNAME=bogdas1
OS=Windows_NT
PROCESSOR_IDENTIFIER=Intel64 Family 6 Model 85 Stepping 0, GenuineIntel



---------------  S Y S T E M  ---------------

OS:
 Windows Server 2019 , 64 bit Build 17763 (10.0.17763.4974)
OS uptime: 10 days 7:33 hours
VMWare virtualization detected

CPU: total 4 (initial active 4) (1 cores per cpu, 1 threads per core) family 6 model 85 stepping 0 microcode 0xd00037b, cx8, cmov, fxsr, mmx, 3dnowpref, sse, sse2, sse3, ssse3, sse4.1, sse4.2, popcnt, lzcnt, tsc, tscinvbit, avx, avx2, aes, erms, clmul, bmi1, bmi2, adx, fma, vzeroupper, clflush, clflushopt, clwb, hv

Memory: 4k page, system-wide physical 37887M (2474M free)
TotalPageFile size 41982M (AvailPageFile size 302M)
current process WorkingSet (physical memory assigned to process): 10M, peak: 10M
current process commit charge ("private bytes"): 52M, peak: 644M

vm_info: Java HotSpot(TM) 64-Bit Server VM (17.0.10+11-LTS-240) for windows-amd64 JRE (17.0.10+11-LTS-240), built on Dec 19 2023 21:47:25 by "mach5one" with MS VC++ 17.1 (VS2022)

END.
